unsplash2/core/data/build/intermediates/manifest_merge_blame_file/debug/processDebugMainManifest/manifest-merger-blame-debug-report.txt
1<?xml version="1.0" encoding="utf-8"?>
2<manifest xmlns:android="http://schemas.android.com/apk/res/android"
3    package="com.example.core.data"
4    android:versionCode="1"
5    android:versionName="1.0" >
6
7    <uses-sdk
8        android:minSdkVersion="29"
9        android:targetSdkVersion="34" />
10
11    <permission
11-->[androidx.core:core:1.13.1] AndroidManifest.xml:22:5-24:47
12        android:name="com.example.core.data.DYNAMIC_RECEIVER_NOT_EXPORTED_PERMISSION"
12-->[androidx.core:core:1.13.1] AndroidManifest.xml:23:9-81
13        android:protectionLevel="signature" />
13-->[androidx.core:core:1.13.1] AndroidManifest.xml:24:9-44
14
15    <uses-permission android:name="com.example.core.data.DYNAMIC_RECEIVER_NOT_EXPORTED_PERMISSION" />
15-->[androidx.core:core:1.13.1] AndroidManifest.xml:26:5-97
15-->[androidx.core:core:1.13.1] AndroidManifest.xml:26:22-94
16
17    <application
18        android:appComponentFactory="androidx.core.app.CoreComponentFactory"
18-->[androidx.core:core:1.13.1] AndroidManifest.xml:28:18-86
19        android:debuggable="true"
20        android:extractNativeLibs="false" >
21        <service
21-->[androidx.room:room-runtime:2.6.1] AndroidManifest.xml:24:9-28:63
22            android:name="androidx.room.MultiInstanceInvalidationService"
22-->[androidx.room:room-runtime:2.6.1] AndroidManifest.xml:25:13-74
23            android:directBootAware="true"
23-->[androidx.room:room-runtime:2.6.1] AndroidManifest.xml:26:13-43
24            android:exported="false" />
24-->[androidx.room:room-runtime:2.6.1] AndroidManifest.xml:27:13-37
25
26        <provider
26-->[androidx.emoji2:emoji2:1.3.0] AndroidManifest.xml:24:9-32:20
27            android:name="androidx.startup.InitializationProvider"
27-->[androidx.emoji2:emoji2:1.3.0] AndroidManifest.xml:25:13-67
28            android:authorities="com.example.core.data.androidx-startup"
28-->[androidx.emoji2:emoji2:1.3.0] AndroidManifest.xml:26:13-68
29            android:exported="false" >
29-->[androidx.emoji2:emoji2:1.3.0] AndroidManifest.xml:27:13-37
30            <meta-data
30-->[androidx.emoji2:emoji2:1.3.0] AndroidManifest.xml:29:13-31:52
31                android:name="androidx.emoji2.text.EmojiCompatInitializer"
31-->[androidx.emoji2:emoji2:1.3.0] AndroidManifest.xml:30:17-75
32                android:value="androidx.startup" />
32-->[androidx.emoji2:emoji2:1.3.0] AndroidManifest.xml:31:17-49
33            <meta-data
33-->[androidx.lifecycle:lifecycle-process:2.8.4] AndroidManifest.xml:29:13-31:52
34                android:name="androidx.lifecycle.ProcessLifecycleInitializer"
34-->[androidx.lifecycle:lifecycle-process:2.8.4] AndroidManifest.xml:30:17-78
35                android:value="androidx.startup" />
35-->[androidx.lifecycle:lifecycle-process:2.8.4] AndroidManifest.xml:31:17-49
36            <meta-data
36-->[androidx.profileinstaller:profileinstaller:1.3.1] AndroidManifest.xml:29:13-31:52
37                android:name="androidx.profileinstaller.ProfileInstallerInitializer"
37-->[androidx.profileinstaller:profileinstaller:1.3.1] AndroidManifest.xml:30:17-85
38                android:value="androidx.startup" />
38-->[androidx.profileinstaller:profileinstaller:1.3.1] AndroidManifest.xml:31:17-49
39        </provider>
40
41        <receiver
41-->[androidx.profileinstaller:profileinstaller:1.3.1] AndroidManifest.xml:34:9-52:20
42            android:name="androidx.profileinstaller.ProfileInstallReceiver"
42-->[androidx.profileinstaller:profileinstaller:1.3.1] AndroidManifest.xml:35:13-76
43            android:directBootAware="false"
43-->[androidx.profileinstaller:profileinstaller:1.3.1] AndroidManifest.xml:36:13-44
44            android:enabled="true"
44-->[androidx.profileinstaller:profileinstaller:1.3.1] AndroidManifest.xml:37:13-35
45            android:exported="true"
45-->[androidx.profileinstaller:profileinstaller:1.3.1] AndroidManifest.xml:38:13-36
46            android:permission="android.permission.DUMP" >
46-->[androidx.profileinstaller:profileinstaller:1.3.1] AndroidManifest.xml:39:13-57
47            <intent-filter>
47-->[androidx.profileinstaller:profileinstaller:1.3.1] AndroidManifest.xml:40:13-42:29
48                <action android:name="androidx.profileinstaller.action.INSTALL_PROFILE" />
48-->[androidx.profileinstaller:profileinstaller:1.3.1] AndroidManifest.xml:41:17-91
48-->[androidx.profileinstaller:profileinstaller:1.3.1] AndroidManifest.xml:41:25-88
49            </intent-filter>
50            <intent-filter>
50-->[androidx.profileinstaller:profileinstaller:1.3.1] AndroidManifest.xml:43:13-45:29
51                <action android:name="androidx.profileinstaller.action.SKIP_FILE" />
51-->[androidx.profileinstaller:profileinstaller:1.3.1] AndroidManifest.xml:44:17-85
51-->[androidx.profileinstaller:profileinstaller:1.3.1] AndroidManifest.xml:44:25-82
52            </intent-filter>
53            <intent-filter>
53-->[androidx.profileinstaller:profileinstaller:1.3.1] AndroidManifest.xml:46:13-48:29
54                <action android:name="androidx.profileinstaller.action.SAVE_PROFILE" />
54-->[androidx.profileinstaller:profileinstaller:1.3.1] AndroidManifest.xml:47:17-88
54-->[androidx.profileinstaller:profileinstaller:1.3.1] AndroidManifest.xml:47:25-85
55            </intent-filter>
56            <intent-filter>
56-->[androidx.profileinstaller:profileinstaller:1.3.1] AndroidManifest.xml:49:13-51:29
57                <action android:name="androidx.profileinstaller.action.BENCHMARK_OPERATION" />
57-->[androidx.profileinstaller:profileinstaller:1.3.1] AndroidManifest.xml:50:17-95
57-->[androidx.profileinstaller:profileinstaller:1.3.1] AndroidManifest.xml:50:25-92
58            </intent-filter>
59        </receiver>
60    </application>
61
62</manifest>